<?xml version="1.0" encoding="UTF-8"?>
<!-- Generated by org.testng.reporters.JUnitXMLReporter -->
<testsuite ignored="0" hostname="LAPTOP-GSBCM8VS" failures="1" tests="3" name="Validate the Flight prices" time="13.727" errors="0" timestamp="15 Jul 2019 13:55:52 GMT">
  <testcase classname="com.assign.qa.testcases.CheckPricesTest" name="validateFlightPriceTest" time="2.854">
    <failure type="java.lang.AssertionError" message="The following asserts failed:
	expected [9886] but found [9782]">
      <![CDATA[java.lang.AssertionError: The following asserts failed:
expected [9886] but found [9782]
at com.assign.qa.testcases.CheckPricesTest.validateFlightPriceTest(CheckPricesTest.java:58)
... Removed 26 stack frames]]>
    </failure>
  </testcase> <!-- validateFlightPriceTest -->
  <testcase classname="com.assign.qa.testcases.CheckPricesTest" name="validateFlightPriceTest" time="4.677"/>
  <testcase classname="com.assign.qa.testcases.CheckPricesTest" name="validateFlightPriceTest" time="4.607"/>
</testsuite> <!-- Validate the Flight prices -->
