<?xml version="1.0" encoding="UTF-8"?>
<!-- Generated by org.testng.reporters.JUnitXMLReporter -->
<testsuite ignored="0" hostname="LAPTOP-GSBCM8VS" failures="2" tests="4" name="Validate the Flight prices" time="11.082" errors="0" timestamp="22 Jul 2019 04:23:54 GMT">
  <testcase classname="com.assign.qa.testcases.CheckPricesTest" name="parentTest" time="0.0"/>
  <testcase classname="com.assign.qa.testcases.CheckPricesTest" name="validateFlightPriceTest" time="1.846">
    <failure type="java.lang.AssertionError" message="The following asserts failed:
	expected [5528] but found [5422]">
      <![CDATA[java.lang.AssertionError: The following asserts failed:
expected [5528] but found [5422]
at com.assign.qa.testcases.CheckPricesTest.validateFlightPriceTest(CheckPricesTest.java:69)
... Removed 26 stack frames]]>
    </failure>
  </testcase> <!-- validateFlightPriceTest -->
  <testcase classname="com.assign.qa.testcases.CheckPricesTest" name="validateFlightPriceTest" time="3.837">
    <failure type="java.lang.AssertionError" message="The following asserts failed:
	expected [5528] but found [5422]">
      <![CDATA[java.lang.AssertionError: The following asserts failed:
expected [5528] but found [5422]
at com.assign.qa.testcases.CheckPricesTest.validateFlightPriceTest(CheckPricesTest.java:69)
... Removed 26 stack frames]]>
    </failure>
  </testcase> <!-- validateFlightPriceTest -->
  <testcase classname="com.assign.qa.testcases.CheckPricesTest" name="validateFlightPriceTest" time="3.817"/>
</testsuite> <!-- Validate the Flight prices -->
